-------------------------------------------------------------------------------
Test set: paysera.runners.FailedTestRunner
-------------------------------------------------------------------------------
Tests run: 1, Failures: 0, Errors: 1, Skipped: 0, Time elapsed: 0.008 s <<< FAILURE! - in paysera.runners.FailedTestRunner
initializationError(paysera.runners.FailedTestRunner)  Time elapsed: 0.008 s  <<< ERROR!
io.cucumber.core.exception.CucumberException: Failed to parse 'target\rerun.txt'
Caused by: java.nio.file.NoSuchFileException: target\rerun.txt

